<?xml version="1.0" encoding="UTF-8"?>
<testsuite xmlns:xsi="http://www.w3.org/2001/XMLSchema-instance" xsi:noNamespaceSchemaLocation="https://maven.apache.org/surefire/maven-surefire-plugin/xsd/surefire-test-report.xsd" name="AppTest" time="0.689" tests="4" errors="0" skipped="0" failures="0">
  <properties>
[...]
</properties>
  <testcase name="test_factorial" classname="AppTest" time="0.624"/>
  <testcase name="test_naturalLog" classname="AppTest" time="0"/>
  <testcase name="test_squareRoot" classname="AppTest" time="0.001"/>
  <testcase name="test_power" classname="AppTest" time="0.001"/>
</testsuite>